<?xml version="1.0" encoding="UTF-8"?>
<!-- Generated by org.testng.reporters.JUnitReportReporter -->
<testsuite hostname="DESKTOP-96R9IGB" failures="0" tests="8" name="TESTINK_PKG.KiteLoginTest" time="111.742" errors="0" timestamp="2022-06-03T22:54:13 IST" skipped="6">
  <testcase classname="TESTINK_PKG.KiteLoginTest" name="holdingstabvalidation" time="52.590"/>
  <system-out/>
  <testcase classname="TESTINK_PKG.KiteLoginTest" name="holdingstabvalidation" time="59.152"/>
  <system-out/>
  <testcase classname="TESTINK_PKG.KiteLoginTest" name="positionstabvalodation">
    <skipped/>
  </testcase> <!-- positionstabvalodation -->
  <system-out/>
  <testcase classname="TESTINK_PKG.KiteLoginTest" name="positionstabvalodation">
    <skipped/>
  </testcase> <!-- positionstabvalodation -->
  <system-out/>
  <testcase classname="TESTINK_PKG.KiteLoginTest" name="ordertabvalidation">
    <skipped/>
  </testcase> <!-- ordertabvalidation -->
  <system-out/>
  <testcase classname="TESTINK_PKG.KiteLoginTest" name="ordertabvalidation">
    <skipped/>
  </testcase> <!-- ordertabvalidation -->
  <system-out/>
  <testcase classname="TESTINK_PKG.KiteLoginTest" name="fundstabvalodation">
    <skipped/>
  </testcase> <!-- fundstabvalodation -->
  <system-out/>
  <testcase classname="TESTINK_PKG.KiteLoginTest" name="fundstabvalodation">
    <skipped/>
  </testcase> <!-- fundstabvalodation -->
  <system-out/>
</testsuite> <!-- TESTINK_PKG.KiteLoginTest -->
